"2020-04-27 12:43:56 - No active profile set, falling back to default profiles: default
""2020-04-27 12:43:58 - Bootstrapping Spring Data JPA repositories in DEFAULT mode.
""2020-04-27 12:43:58 - Finished Spring Data repository scanning in 308ms. Found 8 JPA repository interfaces.
""2020-04-27 12:43:58 - BeanFactory id=16d09943-70bd-3f2b-89c1-7c34b22e9e0a
""2020-04-27 12:43:58 - Bean 'org.springframework.transaction.annotation.ProxyTransactionManagementConfiguration' of type [org.springframework.transaction.annotation.ProxyTransactionManagementConfiguration] is not eligible for getting processed by all BeanPostProcessors (for example: not eligible for auto-proxying)
""2020-04-27 12:44:00 - Tomcat initialized with port(s): 8085 (http)
""2020-04-27 12:44:00 - Starting service [Tomcat]
""2020-04-27 12:44:00 - Starting Servlet engine: [Apache Tomcat/9.0.29]
""2020-04-27 12:44:00 - Initializing Spring embedded WebApplicationContext
""2020-04-27 12:44:00 - Root WebApplicationContext: initialization completed in 4042 ms
""2020-04-27 12:44:01 - HHH000204: Processing PersistenceUnitInfo [name: default]
""2020-04-27 12:44:02 - HHH000412: Hibernate Core {5.4.9.Final}
""2020-04-27 12:44:03 - HCANN000001: Hibernate Commons Annotations {5.1.0.Final}
""2020-04-27 12:44:04 - HHH000400: Using dialect: org.hibernate.dialect.MySQL5InnoDBDialect
""2020-04-27 12:44:07 - HikariPool-1 - Starting...
""2020-04-27 12:44:08 - HikariPool-1 - Start completed.
""2020-04-27 12:44:43 - HHH000490: Using JtaPlatform implementation: [org.hibernate.engine.transaction.jta.platform.internal.NoJtaPlatform]
""2020-04-27 12:44:43 - Initialized JPA EntityManagerFactory for persistence unit 'default'
""2020-04-27 12:44:43 - Unable to start LiveReload server
""2020-04-27 12:44:51 - Autowired annotation is not supported on static fields: private static org.apache.logging.log4j.Logger com.training.internal.project.project.controller.dto.mapper.ResourceAllocationDtoMapper.logger
""2020-04-27 12:44:51 - Autowired annotation is not supported on static fields: private static org.apache.logging.log4j.Logger com.training.internal.project.project.controller.converter.ResourceAllocationConverter.logger
""2020-04-27 12:44:51 - Autowired annotation is not supported on static fields: private static org.apache.logging.log4j.Logger com.training.internal.project.project.controller.converter.ResourceAllocationConverter.logger
""2020-04-27 12:44:51 - Autowired annotation is not supported on static fields: private static org.apache.logging.log4j.Logger com.training.internal.project.project.services.impl.ResourceAllocationServiceImpl.logger
""2020-04-27 12:44:52 - No URLs will be polled as dynamic configuration sources.
""2020-04-27 12:44:52 - To enable URLs as dynamic configuration sources, define System property archaius.configurationSource.additionalUrls or make config.properties available on classpath.
""2020-04-27 12:44:52 - No URLs will be polled as dynamic configuration sources.
""2020-04-27 12:44:52 - To enable URLs as dynamic configuration sources, define System property archaius.configurationSource.additionalUrls or make config.properties available on classpath.
""2020-04-27 12:44:52 - spring.jpa.open-in-view is enabled by default. Therefore, database queries may be performed during view rendering. Explicitly configure spring.jpa.open-in-view to disable this warning
""2020-04-27 12:44:53 - Initializing ExecutorService 'applicationTaskExecutor'
""2020-04-27 12:44:56 - You already have RibbonLoadBalancerClient on your classpath. It will be used by default. As Spring Cloud Ribbon is in maintenance mode. We recommend switching to BlockingLoadBalancerClient instead. In order to use it, set the value of `spring.cloud.loadbalancer.ribbon.enabled` to `false` or remove spring-cloud-starter-netflix-ribbon from your project.
""2020-04-27 12:44:56 - Setting initial instance status as: STARTING
""2020-04-27 12:44:57 - Initializing Eureka in region us-east-1
""2020-04-27 12:44:58 - Using JSON encoding codec LegacyJacksonJson
""2020-04-27 12:44:58 - Using JSON decoding codec LegacyJacksonJson
""2020-04-27 12:44:59 - Using XML encoding codec XStreamXml
""2020-04-27 12:44:59 - Using XML decoding codec XStreamXml
""2020-04-27 12:44:59 - Resolving eureka endpoints via configuration
""2020-04-27 12:44:59 - Disable delta property : false
""2020-04-27 12:44:59 - Single vip registry refresh property : null
""2020-04-27 12:44:59 - Force full registry fetch : false
""2020-04-27 12:44:59 - Application is null : false
""2020-04-27 12:45:00 - Registered Applications size is zero : true
""2020-04-27 12:45:00 - Application version is -1: true
""2020-04-27 12:45:00 - Getting all instance registry info from the eureka server
""2020-04-27 12:45:00 - The response status is 200
""2020-04-27 12:45:01 - Starting heartbeat executor: renew interval is: 30
""2020-04-27 12:45:01 - InstanceInfoReplicator onDemand update allowed rate per min is 4
""2020-04-27 12:45:01 - Discovery Client initialized at timestamp 1587971701058 with initial instances count: 1
""2020-04-27 12:45:01 - Registering application PROJECT-SERVICE with eureka with status UP
""2020-04-27 12:45:01 - Saw local status change event StatusChangeEvent [timestamp=1587971701243, current=UP, previous=STARTING]
""2020-04-27 12:45:01 - DiscoveryClient_PROJECT-SERVICE/DESKTOP-BVECKK9:project-service:8085: registering service...
""2020-04-27 12:45:01 - DiscoveryClient_PROJECT-SERVICE/DESKTOP-BVECKK9:project-service:8085 - registration status: 204
""2020-04-27 12:45:01 - Tomcat started on port(s): 8085 (http) with context path '/projectservices'
""2020-04-27 12:45:01 - Updating port to 8085
""2020-04-27 12:45:02 - Started ProjectApplication in 67.795 seconds (JVM running for 70.246)
""2020-04-27 12:45:53 - Unregistering application PROJECT-SERVICE with eureka with status DOWN
""2020-04-27 12:45:53 - Saw local status change event StatusChangeEvent [timestamp=1587971753625, current=DOWN, previous=UP]
""2020-04-27 12:45:53 - DiscoveryClient_PROJECT-SERVICE/DESKTOP-BVECKK9:project-service:8085: registering service...
""2020-04-27 12:45:53 - DiscoveryClient_PROJECT-SERVICE/DESKTOP-BVECKK9:project-service:8085 - registration status: 204
""2020-04-27 12:45:53 - Shutting down ExecutorService 'applicationTaskExecutor'
""2020-04-27 12:45:53 - Closing JPA EntityManagerFactory for persistence unit 'default'
""2020-04-27 12:45:53 - Shutting down DiscoveryClient ...
""2020-04-27 12:45:56 - Unregistering ...
""2020-04-27 12:45:56 - DiscoveryClient_PROJECT-SERVICE/DESKTOP-BVECKK9:project-service:8085 - deregister  status: 200
""2020-04-27 12:45:56 - Completed shut down of DiscoveryClient
""2020-04-27 12:45:56 - HikariPool-1 - Shutdown initiated...
""2020-04-27 12:45:56 - HikariPool-1 - Shutdown completed.
""2020-04-27 12:45:58 - No active profile set, falling back to default profiles: default
""2020-04-27 12:45:58 - Bootstrapping Spring Data JPA repositories in DEFAULT mode.
""2020-04-27 12:45:58 - Finished Spring Data repository scanning in 52ms. Found 8 JPA repository interfaces.
""2020-04-27 12:45:58 - BeanFactory id=16d09943-70bd-3f2b-89c1-7c34b22e9e0a
""2020-04-27 12:45:58 - Bean 'org.springframework.transaction.annotation.ProxyTransactionManagementConfiguration' of type [org.springframework.transaction.annotation.ProxyTransactionManagementConfiguration] is not eligible for getting processed by all BeanPostProcessors (for example: not eligible for auto-proxying)
""2020-04-27 12:45:58 - The MBean registry cannot be disabled because it has already been initialised
""2020-04-27 12:45:58 - Tomcat initialized with port(s): 8085 (http)
""2020-04-27 12:45:58 - Starting service [Tomcat]
""2020-04-27 12:45:58 - Starting Servlet engine: [Apache Tomcat/9.0.29]
""2020-04-27 12:45:58 - Initializing Spring embedded WebApplicationContext
""2020-04-27 12:45:58 - Root WebApplicationContext: initialization completed in 682 ms
""2020-04-27 12:45:58 - HHH000204: Processing PersistenceUnitInfo [name: default]
""2020-04-27 12:45:58 - HHH000400: Using dialect: org.hibernate.dialect.MySQL5InnoDBDialect
""2020-04-27 12:45:59 - HHH000490: Using JtaPlatform implementation: [org.hibernate.engine.transaction.jta.platform.internal.NoJtaPlatform]
""2020-04-27 12:45:59 - Initialized JPA EntityManagerFactory for persistence unit 'default'
""2020-04-27 12:45:59 - Autowired annotation is not supported on static fields: private static org.apache.logging.log4j.Logger com.training.internal.project.project.controller.dto.mapper.ResourceAllocationDtoMapper.logger
""2020-04-27 12:45:59 - Autowired annotation is not supported on static fields: private static org.apache.logging.log4j.Logger com.training.internal.project.project.controller.converter.ResourceAllocationConverter.logger
""2020-04-27 12:45:59 - Autowired annotation is not supported on static fields: private static org.apache.logging.log4j.Logger com.training.internal.project.project.controller.converter.ResourceAllocationConverter.logger
""2020-04-27 12:45:59 - Autowired annotation is not supported on static fields: private static org.apache.logging.log4j.Logger com.training.internal.project.project.services.impl.ResourceAllocationServiceImpl.logger
""2020-04-27 12:45:59 - No URLs will be polled as dynamic configuration sources.
""2020-04-27 12:45:59 - To enable URLs as dynamic configuration sources, define System property archaius.configurationSource.additionalUrls or make config.properties available on classpath.
""2020-04-27 12:45:59 - spring.jpa.open-in-view is enabled by default. Therefore, database queries may be performed during view rendering. Explicitly configure spring.jpa.open-in-view to disable this warning
""2020-04-27 12:45:59 - Initializing ExecutorService 'applicationTaskExecutor'
""2020-04-27 12:45:59 - Unable to start LiveReload server
""2020-04-27 12:46:00 - You already have RibbonLoadBalancerClient on your classpath. It will be used by default. As Spring Cloud Ribbon is in maintenance mode. We recommend switching to BlockingLoadBalancerClient instead. In order to use it, set the value of `spring.cloud.loadbalancer.ribbon.enabled` to `false` or remove spring-cloud-starter-netflix-ribbon from your project.
""2020-04-27 12:46:00 - Setting initial instance status as: STARTING
""2020-04-27 12:46:00 - Initializing Eureka in region us-east-1
""2020-04-27 12:46:00 - Using JSON encoding codec LegacyJacksonJson
""2020-04-27 12:46:00 - Using JSON decoding codec LegacyJacksonJson
""2020-04-27 12:46:00 - Using XML encoding codec XStreamXml
""2020-04-27 12:46:00 - Using XML decoding codec XStreamXml
""2020-04-27 12:46:00 - Resolving eureka endpoints via configuration
""2020-04-27 12:46:00 - Disable delta property : false
""2020-04-27 12:46:00 - Single vip registry refresh property : null
""2020-04-27 12:46:00 - Force full registry fetch : false
""2020-04-27 12:46:00 - Application is null : false
""2020-04-27 12:46:00 - Registered Applications size is zero : true
""2020-04-27 12:46:00 - Application version is -1: true
""2020-04-27 12:46:00 - Getting all instance registry info from the eureka server
""2020-04-27 12:46:00 - The response status is 200
""2020-04-27 12:46:00 - Starting heartbeat executor: renew interval is: 30
""2020-04-27 12:46:00 - InstanceInfoReplicator onDemand update allowed rate per min is 4
""2020-04-27 12:46:00 - Discovery Client initialized at timestamp 1587971760696 with initial instances count: 1
""2020-04-27 12:46:00 - Registering application PROJECT-SERVICE with eureka with status UP
""2020-04-27 12:46:00 - Saw local status change event StatusChangeEvent [timestamp=1587971760697, current=UP, previous=STARTING]
""2020-04-27 12:46:00 - DiscoveryClient_PROJECT-SERVICE/DESKTOP-BVECKK9:project-service:8085: registering service...
""2020-04-27 12:46:00 - Tomcat started on port(s): 8085 (http) with context path '/projectservices'
""2020-04-27 12:46:00 - Updating port to 8085
""2020-04-27 12:46:00 - DiscoveryClient_PROJECT-SERVICE/DESKTOP-BVECKK9:project-service:8085 - registration status: 204
""2020-04-27 12:46:01 - Started ProjectApplication in 3.573 seconds (JVM running for 128.828)
""2020-04-27 12:46:01 - Condition evaluation unchanged
""2020-04-27 12:46:07 - Unregistering application PROJECT-SERVICE with eureka with status DOWN
""2020-04-27 12:46:07 - Saw local status change event StatusChangeEvent [timestamp=1587971767334, current=DOWN, previous=UP]
""2020-04-27 12:46:07 - DiscoveryClient_PROJECT-SERVICE/DESKTOP-BVECKK9:project-service:8085: registering service...
""2020-04-27 12:46:07 - Shutting down ExecutorService 'applicationTaskExecutor'
""2020-04-27 12:46:07 - Closing JPA EntityManagerFactory for persistence unit 'default'
""2020-04-27 12:46:07 - Shutting down DiscoveryClient ...
""2020-04-27 12:46:07 - DiscoveryClient_PROJECT-SERVICE/DESKTOP-BVECKK9:project-service:8085 - registration status: 204
""2020-04-27 12:46:07 - Unregistering ...
""2020-04-27 12:46:07 - DiscoveryClient_PROJECT-SERVICE/DESKTOP-BVECKK9:project-service:8085 - deregister  status: 200
""2020-04-27 12:46:07 - Completed shut down of DiscoveryClient
""2020-04-27 12:46:08 - No active profile set, falling back to default profiles: default
""2020-04-27 12:46:09 - Bootstrapping Spring Data JPA repositories in DEFAULT mode.
""2020-04-27 12:46:09 - Finished Spring Data repository scanning in 39ms. Found 8 JPA repository interfaces.
""2020-04-27 12:46:09 - BeanFactory id=16d09943-70bd-3f2b-89c1-7c34b22e9e0a
""2020-04-27 12:46:09 - Bean 'org.springframework.transaction.annotation.ProxyTransactionManagementConfiguration' of type [org.springframework.transaction.annotation.ProxyTransactionManagementConfiguration] is not eligible for getting processed by all BeanPostProcessors (for example: not eligible for auto-proxying)
""2020-04-27 12:46:09 - The MBean registry cannot be disabled because it has already been initialised
""2020-04-27 12:46:09 - Tomcat initialized with port(s): 8085 (http)
""2020-04-27 12:46:09 - Starting service [Tomcat]
""2020-04-27 12:46:09 - Starting Servlet engine: [Apache Tomcat/9.0.29]
""2020-04-27 12:46:09 - Initializing Spring embedded WebApplicationContext
""2020-04-27 12:46:09 - Root WebApplicationContext: initialization completed in 685 ms
""2020-04-27 12:46:09 - HHH000204: Processing PersistenceUnitInfo [name: default]
""2020-04-27 12:46:09 - HHH000400: Using dialect: org.hibernate.dialect.MySQL5InnoDBDialect
""2020-04-27 12:46:09 - HHH000490: Using JtaPlatform implementation: [org.hibernate.engine.transaction.jta.platform.internal.NoJtaPlatform]
""2020-04-27 12:46:09 - Initialized JPA EntityManagerFactory for persistence unit 'default'
""2020-04-27 12:46:10 - Autowired annotation is not supported on static fields: private static org.apache.logging.log4j.Logger com.training.internal.project.project.controller.dto.mapper.ResourceAllocationDtoMapper.logger
""2020-04-27 12:46:10 - Autowired annotation is not supported on static fields: private static org.apache.logging.log4j.Logger com.training.internal.project.project.controller.converter.ResourceAllocationConverter.logger
""2020-04-27 12:46:10 - Autowired annotation is not supported on static fields: private static org.apache.logging.log4j.Logger com.training.internal.project.project.controller.converter.ResourceAllocationConverter.logger
""2020-04-27 12:46:10 - Autowired annotation is not supported on static fields: private static org.apache.logging.log4j.Logger com.training.internal.project.project.services.impl.ResourceAllocationServiceImpl.logger
""2020-04-27 12:46:10 - No URLs will be polled as dynamic configuration sources.
""2020-04-27 12:46:10 - To enable URLs as dynamic configuration sources, define System property archaius.configurationSource.additionalUrls or make config.properties available on classpath.
""2020-04-27 12:46:10 - spring.jpa.open-in-view is enabled by default. Therefore, database queries may be performed during view rendering. Explicitly configure spring.jpa.open-in-view to disable this warning
""2020-04-27 12:46:10 - Initializing ExecutorService 'applicationTaskExecutor'
""2020-04-27 12:46:10 - Unable to start LiveReload server
""2020-04-27 12:46:11 - You already have RibbonLoadBalancerClient on your classpath. It will be used by default. As Spring Cloud Ribbon is in maintenance mode. We recommend switching to BlockingLoadBalancerClient instead. In order to use it, set the value of `spring.cloud.loadbalancer.ribbon.enabled` to `false` or remove spring-cloud-starter-netflix-ribbon from your project.
""2020-04-27 12:46:11 - Setting initial instance status as: STARTING
""2020-04-27 12:46:11 - Initializing Eureka in region us-east-1
""2020-04-27 12:46:11 - Using JSON encoding codec LegacyJacksonJson
""2020-04-27 12:46:11 - Using JSON decoding codec LegacyJacksonJson
""2020-04-27 12:46:11 - Using XML encoding codec XStreamXml
""2020-04-27 12:46:11 - Using XML decoding codec XStreamXml
""2020-04-27 12:46:11 - Resolving eureka endpoints via configuration
""2020-04-27 12:46:11 - Disable delta property : false
""2020-04-27 12:46:11 - Single vip registry refresh property : null
""2020-04-27 12:46:11 - Force full registry fetch : false
""2020-04-27 12:46:11 - Application is null : false
""2020-04-27 12:46:11 - Registered Applications size is zero : true
""2020-04-27 12:46:11 - Application version is -1: true
""2020-04-27 12:46:11 - Getting all instance registry info from the eureka server
""2020-04-27 12:46:11 - The response status is 200
""2020-04-27 12:46:11 - Starting heartbeat executor: renew interval is: 30
""2020-04-27 12:46:11 - InstanceInfoReplicator onDemand update allowed rate per min is 4
""2020-04-27 12:46:11 - Discovery Client initialized at timestamp 1587971771537 with initial instances count: 1
""2020-04-27 12:46:11 - Registering application PROJECT-SERVICE with eureka with status UP
""2020-04-27 12:46:11 - Saw local status change event StatusChangeEvent [timestamp=1587971771548, current=UP, previous=STARTING]
""2020-04-27 12:46:11 - DiscoveryClient_PROJECT-SERVICE/DESKTOP-BVECKK9:project-service:8085: registering service...
""2020-04-27 12:46:11 - Tomcat started on port(s): 8085 (http) with context path '/projectservices'
""2020-04-27 12:46:11 - Updating port to 8085
""2020-04-27 12:46:11 - DiscoveryClient_PROJECT-SERVICE/DESKTOP-BVECKK9:project-service:8085 - registration status: 204
""2020-04-27 12:46:11 - Started ProjectApplication in 3.765 seconds (JVM running for 139.679)
""2020-04-27 12:46:11 - Condition evaluation unchanged
""2020-04-27 12:46:35 - Unregistering application PROJECT-SERVICE with eureka with status DOWN
""2020-04-27 12:46:35 - Saw local status change event StatusChangeEvent [timestamp=1587971795807, current=DOWN, previous=UP]
""2020-04-27 12:46:35 - DiscoveryClient_PROJECT-SERVICE/DESKTOP-BVECKK9:project-service:8085: registering service...
""2020-04-27 12:46:35 - Shutting down ExecutorService 'applicationTaskExecutor'
""2020-04-27 12:46:35 - DiscoveryClient_PROJECT-SERVICE/DESKTOP-BVECKK9:project-service:8085 - registration status: 204
""2020-04-27 12:46:35 - Closing JPA EntityManagerFactory for persistence unit 'default'
""2020-04-27 12:46:35 - Shutting down DiscoveryClient ...
""2020-04-27 12:46:38 - Unregistering ...
""2020-04-27 12:46:38 - DiscoveryClient_PROJECT-SERVICE/DESKTOP-BVECKK9:project-service:8085 - deregister  status: 200
""2020-04-27 12:46:38 - Completed shut down of DiscoveryClient
"